# JRE version: Java(TM) SE Runtime Environment (20.0.2+9) (build 20.0.2+9-78)
# Java VM: Java HotSpot(TM) 64-Bit Server VM (20.0.2+9-78, mixed mode, sharing, tiered, compressed oops, compressed class ptrs, g1 gc, windows-amd64)
GC Precious Log:
 CardTable entry size: 512
 Card Set container configuration: InlinePtr #cards 4 size 8 Array Of Cards #cards 32 size 80 Howl #buckets 8 coarsen threshold 7372 Howl Bitmap #cards 1024 size 144 coarsen threshold 921 Card regions per heap region 1 cards per card region 8192
 CPUs: 12 total, 12 available
 Memory: 6005M
 Large Page Support: Disabled
 NUMA Support: Disabled
 Compressed Oops: Enabled (Zero based)
 Heap Region Size: 4M
 Heap Min Capacity: 8M
 Heap Initial Capacity: 96M
 Heap Max Capacity: 8G
 Pre-touch: Disabled
 Parallel Workers: 10
 Concurrent Workers: 3
 Concurrent Refinement Workers: 10
 Periodic GC: Disabled
Heap:
 garbage-first heap   total 344064K, used 236003K [0x0000000600000000, 0x0000000800000000)
  region size 4096K, 2 young (8192K), 2 survivors (8192K)
 Metaspace       used 155599K, committed 158528K, reserved 1245184K
  class space    used 19920K, committed 21376K, reserved 1048576K
GC Heap History (20 events):
Event: 31.901 GC heap after
{Heap after GC invocations=48 (full 0):
 garbage-first heap   total 282624K, used 156607K [0x0000000600000000, 0x0000000800000000)
  region size 4096K, 3 young (12288K), 3 survivors (12288K)
 Metaspace       used 140933K, committed 143616K, reserved 1179648K
  class space    used 18167K, committed 19520K, reserved 1048576K
}
Event: 33.381 GC heap before
{Heap before GC invocations=48 (full 0):
 garbage-first heap   total 282624K, used 246719K [0x0000000600000000, 0x0000000800000000)
  region size 4096K, 25 young (102400K), 3 survivors (12288K)
 Metaspace       used 145991K, committed 148672K, reserved 1179648K
  class space    used 18839K, committed 20160K, reserved 1048576K
}
Event: 33.391 GC heap after
{Heap after GC invocations=49 (full 0):
 garbage-first heap   total 344064K, used 150779K [0x0000000600000000, 0x0000000800000000)
  region size 4096K, 4 young (16384K), 4 survivors (16384K)
 Metaspace       used 145991K, committed 148672K, reserved 1179648K
  class space    used 18839K, committed 20160K, reserved 1048576K
}
Event: 123.620 GC heap before
{Heap before GC invocations=49 (full 0):
 garbage-first heap   total 344064K, used 269563K [0x0000000600000000, 0x0000000800000000)
  region size 4096K, 34 young (139264K), 4 survivors (16384K)
 Metaspace       used 152434K, committed 155328K, reserved 1245184K
  class space    used 19699K, committed 21120K, reserved 1048576K
}
Event: 124.260 GC heap after
{Heap after GC invocations=50 (full 0):
 garbage-first heap   total 344064K, used 161584K [0x0000000600000000, 0x0000000800000000)
  region size 4096K, 5 young (20480K), 5 survivors (20480K)
 Metaspace       used 152434K, committed 155328K, reserved 1245184K
  class space    used 19699K, committed 21120K, reserved 1048576K
}
Event: 124.389 GC heap before
{Heap before GC invocations=50 (full 0):
 garbage-first heap   total 344064K, used 169776K [0x0000000600000000, 0x0000000800000000)
  region size 4096K, 7 young (28672K), 5 survivors (20480K)
 Metaspace       used 152482K, committed 155328K, reserved 1245184K
  class space    used 19702K, committed 21120K, reserved 1048576K
}
Event: 125.124 GC heap after
{Heap after GC invocations=51 (full 0):
 garbage-first heap   total 344064K, used 164553K [0x0000000600000000, 0x0000000800000000)
  region size 4096K, 1 young (4096K), 1 survivors (4096K)
 Metaspace       used 152482K, committed 155328K, reserved 1245184K
  class space    used 19702K, committed 21120K, reserved 1048576K
}
Event: 130.613 GC heap before
{Heap before GC invocations=51 (full 0):
 garbage-first heap   total 344064K, used 205513K [0x0000000600000000, 0x0000000800000000)
  region size 4096K, 12 young (49152K), 1 survivors (4096K)
 Metaspace       used 152523K, committed 155392K, reserved 1245184K
  class space    used 19702K, committed 21120K, reserved 1048576K
}
Event: 130.619 GC heap after
{Heap after GC invocations=52 (full 0):
 garbage-first heap   total 344064K, used 163699K [0x0000000600000000, 0x0000000800000000)
  region size 4096K, 1 young (4096K), 1 survivors (4096K)
 Metaspace       used 152523K, committed 155392K, reserved 1245184K
  class space    used 19702K, committed 21120K, reserved 1048576K
}
Event: 134.075 GC heap before
{Heap before GC invocations=52 (full 0):
 garbage-first heap   total 344064K, used 257907K [0x0000000600000000, 0x0000000800000000)
  region size 4096K, 21 young (86016K), 1 survivors (4096K)
 Metaspace       used 152630K, committed 155520K, reserved 1245184K
  class space    used 19709K, committed 21120K, reserved 1048576K
}
Event: 134.087 GC heap after
{Heap after GC invocations=53 (full 0):
 garbage-first heap   total 344064K, used 180425K [0x0000000600000000, 0x0000000800000000)
  region size 4096K, 3 young (12288K), 3 survivors (12288K)
 Metaspace       used 152630K, committed 155520K, reserved 1245184K
  class space    used 19709K, committed 21120K, reserved 1048576K
}
Event: 134.436 GC heap before
{Heap before GC invocations=53 (full 0):
 garbage-first heap   total 344064K, used 205001K [0x0000000600000000, 0x0000000800000000)
  region size 4096K, 8 young (32768K), 3 survivors (12288K)
 Metaspace       used 152645K, committed 155520K, reserved 1245184K
  class space    used 19709K, committed 21120K, reserved 1048576K
}
Event: 134.472 GC heap after
{Heap after GC invocations=54 (full 0):
 garbage-first heap   total 344064K, used 185625K [0x0000000600000000, 0x0000000800000000)
  region size 4096K, 1 young (4096K), 1 survivors (4096K)
 Metaspace       used 152645K, committed 155520K, reserved 1245184K
  class space    used 19709K, committed 21120K, reserved 1048576K
}
Event: 136.578 GC heap before
{Heap before GC invocations=54 (full 0):
 garbage-first heap   total 344064K, used 247065K [0x0000000600000000, 0x0000000800000000)
  region size 4096K, 16 young (65536K), 1 survivors (4096K)
 Metaspace       used 152950K, committed 155840K, reserved 1245184K
  class space    used 19727K, committed 21184K, reserved 1048576K
}
Event: 136.650 GC heap after
{Heap after GC invocations=55 (full 0):
 garbage-first heap   total 344064K, used 194015K [0x0000000600000000, 0x0000000800000000)
  region size 4096K, 2 young (8192K), 2 survivors (8192K)
 Metaspace       used 152950K, committed 155840K, reserved 1245184K
  class space    used 19727K, committed 21184K, reserved 1048576K
}
Event: 139.969 GC heap before
{Heap before GC invocations=55 (full 0):
 garbage-first heap   total 344064K, used 234975K [0x0000000600000000, 0x0000000800000000)
  region size 4096K, 13 young (53248K), 2 survivors (8192K)
 Metaspace       used 155472K, committed 158336K, reserved 1245184K
  class space    used 19915K, committed 21376K, reserved 1048576K
}
Event: 139.983 GC heap after
{Heap after GC invocations=56 (full 0):
 garbage-first heap   total 344064K, used 200996K [0x0000000600000000, 0x0000000800000000)
  region size 4096K, 2 young (8192K), 2 survivors (8192K)
 Metaspace       used 155472K, committed 158336K, reserved 1245184K
  class space    used 19915K, committed 21376K, reserved 1048576K
}
Event: 140.792 GC heap before
{Heap before GC invocations=56 (full 0):
 garbage-first heap   total 344064K, used 270628K [0x0000000600000000, 0x0000000800000000)
  region size 4096K, 20 young (81920K), 2 survivors (8192K)
 Metaspace       used 155539K, committed 158464K, reserved 1245184K
  class space    used 19919K, committed 21376K, reserved 1048576K
}
Event: 140.824 GC heap after
{Heap after GC invocations=57 (full 0):
 garbage-first heap   total 344064K, used 225048K [0x0000000600000000, 0x0000000800000000)
  region size 4096K, 3 young (12288K), 3 survivors (12288K)
 Metaspace       used 155539K, committed 158464K, reserved 1245184K
  class space    used 19919K, committed 21376K, reserved 1048576K
}
Event: 141.095 GC heap before
{Heap before GC invocations=57 (full 0):
 garbage-first heap   total 344064K, used 278296K [0x0000000600000000, 0x0000000800000000)
  region size 4096K, 16 young (65536K), 3 survivors (12288K)
 Metaspace       used 155599K, committed 158528K, reserved 1245184K
  class space    used 19920K, committed 21376K, reserved 1048576K
}

